CRITICAL - 2025-10-17 11:56:34 --> Too few arguments to function App\Controllers\General_control::index(), 0 passed in C:\xampp\htdocs\Frontend-vw2-MYR-redirect\system\CodeIgniter.php on line 898 and exactly 1 expected
in APPPATH\Controllers\General_control.php on line 71.
 1 SYSTEMPATH\CodeIgniter.php(898): App\Controllers\General_control->index()
 2 SYSTEMPATH\CodeIgniter.php(457): CodeIgniter\CodeIgniter->runController(Object(App\Controllers\General_control))
 3 SYSTEMPATH\CodeIgniter.php(340): CodeIgniter\CodeIgniter->handleRequest(null, Object(Config\Cache), false)
 4 FCPATH\index.php(67): CodeIgniter\CodeIgniter->run()
CRITICAL - 2025-10-17 13:45:12 --> Trying to access array offset on value of type null
in APPPATH\Controllers\General_control.php on line 37.
 1 APPPATH\Controllers\General_control.php(37): CodeIgniter\Debug\Exceptions->errorHandler(2, 'Trying to access array offset on value of type null', 'APPPATH\\Controllers\\General_control.php', 37)
 2 SYSTEMPATH\CodeIgniter.php(898): App\Controllers\General_control->index_affiliateRegister('123')
 3 SYSTEMPATH\CodeIgniter.php(457): CodeIgniter\CodeIgniter->runController(Object(App\Controllers\General_control))
 4 SYSTEMPATH\CodeIgniter.php(340): CodeIgniter\CodeIgniter->handleRequest(null, Object(Config\Cache), false)
 5 FCPATH\index.php(67): CodeIgniter\CodeIgniter->run()
CRITICAL - 2025-10-17 13:45:12 --> Too few arguments to function App\Controllers\General_control::index(), 0 passed in C:\xampp\htdocs\Frontend-vw2-MYR-redirect\system\CodeIgniter.php on line 898 and exactly 1 expected
in APPPATH\Controllers\General_control.php on line 71.
 1 SYSTEMPATH\CodeIgniter.php(898): App\Controllers\General_control->index()
 2 SYSTEMPATH\CodeIgniter.php(457): CodeIgniter\CodeIgniter->runController(Object(App\Controllers\General_control))
 3 SYSTEMPATH\CodeIgniter.php(340): CodeIgniter\CodeIgniter->handleRequest(null, Object(Config\Cache), false)
 4 FCPATH\index.php(67): CodeIgniter\CodeIgniter->run()
CRITICAL - 2025-10-17 13:49:53 --> Too few arguments to function App\Controllers\General_control::index(), 0 passed in C:\xampp\htdocs\Frontend-vw2-MYR-redirect\system\CodeIgniter.php on line 898 and exactly 1 expected
in APPPATH\Controllers\General_control.php on line 71.
 1 SYSTEMPATH\CodeIgniter.php(898): App\Controllers\General_control->index()
 2 SYSTEMPATH\CodeIgniter.php(457): CodeIgniter\CodeIgniter->runController(Object(App\Controllers\General_control))
 3 SYSTEMPATH\CodeIgniter.php(340): CodeIgniter\CodeIgniter->handleRequest(null, Object(Config\Cache), false)
 4 FCPATH\index.php(67): CodeIgniter\CodeIgniter->run()
CRITICAL - 2025-10-17 13:49:54 --> Too few arguments to function App\Controllers\General_control::index(), 0 passed in C:\xampp\htdocs\Frontend-vw2-MYR-redirect\system\CodeIgniter.php on line 898 and exactly 1 expected
in APPPATH\Controllers\General_control.php on line 71.
 1 SYSTEMPATH\CodeIgniter.php(898): App\Controllers\General_control->index()
 2 SYSTEMPATH\CodeIgniter.php(457): CodeIgniter\CodeIgniter->runController(Object(App\Controllers\General_control))
 3 SYSTEMPATH\CodeIgniter.php(340): CodeIgniter\CodeIgniter->handleRequest(null, Object(Config\Cache), false)
 4 FCPATH\index.php(67): CodeIgniter\CodeIgniter->run()
CRITICAL - 2025-10-17 13:51:24 --> Trying to access array offset on value of type null
in APPPATH\Controllers\General_control.php on line 37.
 1 APPPATH\Controllers\General_control.php(37): CodeIgniter\Debug\Exceptions->errorHandler(2, 'Trying to access array offset on value of type null', 'APPPATH\\Controllers\\General_control.php', 37)
 2 SYSTEMPATH\CodeIgniter.php(898): App\Controllers\General_control->index_affiliateRegister('123')
 3 SYSTEMPATH\CodeIgniter.php(457): CodeIgniter\CodeIgniter->runController(Object(App\Controllers\General_control))
 4 SYSTEMPATH\CodeIgniter.php(340): CodeIgniter\CodeIgniter->handleRequest(null, Object(Config\Cache), false)
 5 FCPATH\index.php(67): CodeIgniter\CodeIgniter->run()
CRITICAL - 2025-10-17 13:51:24 --> Too few arguments to function App\Controllers\General_control::index(), 0 passed in C:\xampp\htdocs\Frontend-vw2-MYR-redirect\system\CodeIgniter.php on line 898 and exactly 1 expected
in APPPATH\Controllers\General_control.php on line 71.
 1 SYSTEMPATH\CodeIgniter.php(898): App\Controllers\General_control->index()
 2 SYSTEMPATH\CodeIgniter.php(457): CodeIgniter\CodeIgniter->runController(Object(App\Controllers\General_control))
 3 SYSTEMPATH\CodeIgniter.php(340): CodeIgniter\CodeIgniter->handleRequest(null, Object(Config\Cache), false)
 4 FCPATH\index.php(67): CodeIgniter\CodeIgniter->run()
CRITICAL - 2025-10-17 13:53:14 --> Trying to access array offset on value of type null
in APPPATH\Controllers\General_control.php on line 37.
 1 APPPATH\Controllers\General_control.php(37): CodeIgniter\Debug\Exceptions->errorHandler(2, 'Trying to access array offset on value of type null', 'APPPATH\\Controllers\\General_control.php', 37)
 2 SYSTEMPATH\CodeIgniter.php(898): App\Controllers\General_control->index_affiliateRegister('123')
 3 SYSTEMPATH\CodeIgniter.php(457): CodeIgniter\CodeIgniter->runController(Object(App\Controllers\General_control))
 4 SYSTEMPATH\CodeIgniter.php(340): CodeIgniter\CodeIgniter->handleRequest(null, Object(Config\Cache), false)
 5 FCPATH\index.php(67): CodeIgniter\CodeIgniter->run()
